This file contains any messages produced by compilers while
running configure, to aid debugging if configure makes a mistake.

It was created by csharker configure 1.0, which was
generated by GNU Autoconf 2.61.  Invocation command line was

  $ ./configure --with-oci-include=/usr/include/oracle/11.1/client --with-oci-lib=/usr/lib/oracle/11.1/client/lib

## --------- ##
## Platform. ##
## --------- ##

hostname = linux-xvw4
uname -m = i686
uname -r = 2.6.25.20-0.5-pae
uname -s = Linux
uname -v = #1 SMP 2009-08-14 01:48:11 +0200

/usr/bin/uname -p = unknown
/bin/uname -X     = unknown

/bin/arch              = i686
/usr/bin/arch -k       = unknown
/usr/convex/getsysinfo = unknown
/usr/bin/hostinfo      = unknown
/bin/machine           = unknown
/usr/bin/oslevel       = unknown
/bin/universe          = unknown

PATH: /home/om/bin
PATH: /usr/local/bin
PATH: /usr/bin
PATH: /bin
PATH: /usr/bin/X11
PATH: /usr/X11R6/bin
PATH: /usr/games
PATH: /opt/kde3/bin
PATH: /usr/lib/jvm/jre/bin
PATH: /usr/lib/mit/bin
PATH: /usr/lib/mit/sbin
PATH: /usr/lib/qt3/bin


## ----------- ##
## Core tests. ##
## ----------- ##

configure:1758: checking for g++
configure:1774: found /usr/bin/g++
configure:1785: result: g++
configure:1816: checking for C++ compiler version
configure:1823: g++ --version >&5
g++ (SUSE Linux) 4.3.1 20080507 (prerelease) [gcc-4_3-branch revision 135036]
Copyright (C) 2008 Free Software Foundation, Inc.
This is free software; see the source for copying conditions.  There is NO
warranty; not even for MERCHANTABILITY or FITNESS FOR A PARTICULAR PURPOSE.

configure:1826: $? = 0
configure:1833: g++ -v >&5
Using built-in specs.
Target: i586-suse-linux
Configured with: ../configure --prefix=/usr --with-local-prefix=/usr/local --infodir=/usr/share/info --mandir=/usr/share/man --libdir=/usr/lib --libexecdir=/usr/lib --enable-languages=c,c++,objc,fortran,obj-c++,java,ada --enable-checking=release --with-gxx-include-dir=/usr/include/c++/4.3 --enable-ssp --disable-libssp --with-bugurl=http://bugs.opensuse.org/ --with-pkgversion='SUSE Linux' --disable-libgcj --with-slibdir=/lib --with-system-zlib --enable-__cxa_atexit --enable-libstdcxx-allocator=new --disable-libstdcxx-pch --program-suffix=-4.3 --enable-version-specific-runtime-libs --enable-linux-futex --without-system-libunwind --with-cpu=generic --build=i586-suse-linux
Thread model: posix
gcc version 4.3.1 20080507 (prerelease) [gcc-4_3-branch revision 135036] (SUSE Linux) 
configure:1836: $? = 0
configure:1843: g++ -V >&5
g++: '-V' option must have argument
configure:1846: $? = 1
configure:1869: checking for C++ compiler default output file name
configure:1896: g++    conftest.cpp  >&5
configure:1899: $? = 0
configure:1937: result: a.out
configure:1954: checking whether the C++ compiler works
configure:1964: ./a.out
configure:1967: $? = 0
configure:1984: result: yes
configure:1991: checking whether we are cross compiling
configure:1993: result: no
configure:1996: checking for suffix of executables
configure:2003: g++ -o conftest    conftest.cpp  >&5
configure:2006: $? = 0
configure:2030: result: 
configure:2036: checking for suffix of object files
configure:2062: g++ -c   conftest.cpp >&5
configure:2065: $? = 0
configure:2088: result: o
configure:2092: checking whether we are using the GNU C++ compiler
configure:2121: g++ -c   conftest.cpp >&5
configure:2127: $? = 0
configure:2144: result: yes
configure:2149: checking whether g++ accepts -g
configure:2179: g++ -c -g  conftest.cpp >&5
configure:2185: $? = 0
configure:2284: result: yes
configure:2412: checking for Oracle OCI headers in /usr/include/oracle/11.1/client
configure:2455: g++ -c -g -O2  -I/usr/include/oracle/11.1/client conftest.cpp >&5
configure:2461: $? = 0
configure:2474: result: yes
configure:2499: checking for Oracle OCI libraries in /usr/lib/oracle/11.1/client/lib
configure:2535: g++ -o conftest -g -O2  -I/usr/include/oracle/11.1/client  -L/usr/lib/oracle/11.1/client/lib -lclntsh conftest.cpp  >&5
configure:2541: $? = 0
configure:2550: result: yes
configure:2645: checking if Oracle support is enabled
configure:2659: result: yes
configure:2713: checking for a BSD-compatible install
configure:2769: result: /usr/bin/install -c
configure:2780: checking whether build environment is sane
configure:2823: result: yes
configure:2851: checking for a thread-safe mkdir -p
configure:2890: result: /bin/mkdir -p
configure:2903: checking for gawk
configure:2919: found /usr/bin/gawk
configure:2930: result: gawk
configure:2941: checking whether make sets $(MAKE)
configure:2962: result: yes
configure:2992: checking for style of include used by make
configure:3020: result: GNU
configure:3213: checking dependency style of g++
configure:3304: result: gcc3
configure:3491: checking dependency style of g++
configure:3582: result: gcc3
configure:3720: creating ./config.status

## ---------------------- ##
## Running config.status. ##
## ---------------------- ##

This file was extended by csharker config.status 1.0, which was
generated by GNU Autoconf 2.61.  Invocation command line was

  CONFIG_FILES    = 
  CONFIG_HEADERS  = 
  CONFIG_LINKS    = 
  CONFIG_COMMANDS = 
  $ ./config.status 

on linux-xvw4

config.status:636: creating Makefile
config.status:636: creating src/Makefile
config.status:636: creating config.h
config.status:854: config.h is unchanged
config.status:901: executing depfiles commands

## ---------------- ##
## Cache variables. ##
## ---------------- ##

ac_cv_cxx_compiler_gnu=yes
ac_cv_env_CCC_set=
ac_cv_env_CCC_value=
ac_cv_env_CPPFLAGS_set=
ac_cv_env_CPPFLAGS_value=
ac_cv_env_CXXFLAGS_set=
ac_cv_env_CXXFLAGS_value=
ac_cv_env_CXX_set=
ac_cv_env_CXX_value=
ac_cv_env_LDFLAGS_set=
ac_cv_env_LDFLAGS_value=
ac_cv_env_LIBS_set=
ac_cv_env_LIBS_value=
ac_cv_env_build_alias_set=
ac_cv_env_build_alias_value=
ac_cv_env_host_alias_set=
ac_cv_env_host_alias_value=
ac_cv_env_target_alias_set=
ac_cv_env_target_alias_value=
ac_cv_objext=o
ac_cv_path_install='/usr/bin/install -c'
ac_cv_path_mkdir=/bin/mkdir
ac_cv_prog_AWK=gawk
ac_cv_prog_ac_ct_CXX=g++
ac_cv_prog_cxx_g=yes
ac_cv_prog_make_make_set=yes
am_cv_CXX_dependencies_compiler_type=gcc3

## ----------------- ##
## Output variables. ##
## ----------------- ##

ACLOCAL='${SHELL} /home/om/workspace/csharker/config/missing --run aclocal-1.10'
AMDEPBACKSLASH='\'
AMDEP_FALSE='#'
AMDEP_TRUE=''
AMTAR='${SHELL} /home/om/workspace/csharker/config/missing --run tar'
AUTOCONF='${SHELL} /home/om/workspace/csharker/config/missing --run autoconf'
AUTOHEADER='${SHELL} /home/om/workspace/csharker/config/missing --run autoheader'
AUTOMAKE='${SHELL} /home/om/workspace/csharker/config/missing --run automake-1.10'
AWK='gawk'
CPPFLAGS=''
CXX='g++'
CXXDEPMODE='depmode=gcc3'
CXXFLAGS='-g -O2'
CYGPATH_W='echo'
DEFS='-DHAVE_CONFIG_H'
DEPDIR='.deps'
ECHO_C=''
ECHO_N='-n'
ECHO_T=''
EXEEXT=''
INSTALL_DATA='${INSTALL} -m 644'
INSTALL_PROGRAM='${INSTALL}'
INSTALL_SCRIPT='${INSTALL}'
INSTALL_STRIP_PROGRAM='$(install_sh) -c -s'
LDFLAGS=''
LIBOBJS=''
LIBS=''
LTLIBOBJS=''
MAKEINFO='${SHELL} /home/om/workspace/csharker/config/missing --run makeinfo'
OBJEXT='o'
ORACLE_OCI_CFLAGS='-I/usr/include/oracle/11.1/client'
ORACLE_OCI_LDFLAGS='-L/usr/lib/oracle/11.1/client/lib -lclntsh'
ORACLE_OCI_VERSION=''
PACKAGE='csharker'
PACKAGE_BUGREPORT='omever@gmail.com'
PACKAGE_NAME='csharker'
PACKAGE_STRING='csharker 1.0'
PACKAGE_TARNAME='csharker'
PACKAGE_VERSION='1.0'
PATH_SEPARATOR=':'
SET_MAKE=''
SHELL='/bin/sh'
STRIP=''
VERSION='1.0'
ac_ct_CXX='g++'
am__fastdepCXX_FALSE='#'
am__fastdepCXX_TRUE=''
am__include='include'
am__isrc=''
am__leading_dot='.'
am__quote=''
am__tar='${AMTAR} chof - "$$tardir"'
am__untar='${AMTAR} xf -'
bindir='${exec_prefix}/bin'
build_alias=''
datadir='${datarootdir}'
datarootdir='${prefix}/share'
docdir='${datarootdir}/doc/${PACKAGE_TARNAME}'
dvidir='${docdir}'
exec_prefix='${prefix}'
host_alias=''
htmldir='${docdir}'
includedir='${prefix}/include'
infodir='${datarootdir}/info'
install_sh='$(SHELL) /home/om/workspace/csharker/config/install-sh'
libdir='${exec_prefix}/lib'
libexecdir='${exec_prefix}/libexec'
localedir='${datarootdir}/locale'
localstatedir='${prefix}/var'
mandir='${datarootdir}/man'
mkdir_p='/bin/mkdir -p'
oldincludedir='/usr/include'
pdfdir='${docdir}'
prefix='/usr/local'
program_transform_name='s,x,x,'
psdir='${docdir}'
sbindir='${exec_prefix}/sbin'
sharedstatedir='${prefix}/com'
sysconfdir='${prefix}/etc'
target_alias=''

## ----------- ##
## confdefs.h. ##
## ----------- ##

#define PACKAGE_NAME "csharker"
#define PACKAGE_TARNAME "csharker"
#define PACKAGE_VERSION "1.0"
#define PACKAGE_STRING "csharker 1.0"
#define PACKAGE_BUGREPORT "omever@gmail.com"
#define PACKAGE "csharker"
#define VERSION "1.0"
#define PACKAGE "csharker"
#define VERSION "1.0"

configure: exit 0

## ---------------------- ##
## Running config.status. ##
## ---------------------- ##

This file was extended by csharker config.status 1.0, which was
generated by GNU Autoconf 2.61.  Invocation command line was

  CONFIG_FILES    = 
  CONFIG_HEADERS  = 
  CONFIG_LINKS    = 
  CONFIG_COMMANDS = 
  $ ./config.status src/Makefile depfiles

on linux-xvw4

config.status:636: creating src/Makefile
config.status:901: executing depfiles commands

## ---------------------- ##
## Running config.status. ##
## ---------------------- ##

This file was extended by csharker config.status 1.0, which was
generated by GNU Autoconf 2.61.  Invocation command line was

  CONFIG_FILES    = 
  CONFIG_HEADERS  = 
  CONFIG_LINKS    = 
  CONFIG_COMMANDS = 
  $ ./config.status src/Makefile depfiles

on linux-xvw4

config.status:636: creating src/Makefile
config.status:901: executing depfiles commands

## ---------------------- ##
## Running config.status. ##
## ---------------------- ##

This file was extended by csharker config.status 1.0, which was
generated by GNU Autoconf 2.61.  Invocation command line was

  CONFIG_FILES    = 
  CONFIG_HEADERS  = 
  CONFIG_LINKS    = 
  CONFIG_COMMANDS = 
  $ ./config.status src/Makefile depfiles

on linux-xvw4

config.status:636: creating src/Makefile
config.status:901: executing depfiles commands

## ---------------------- ##
## Running config.status. ##
## ---------------------- ##

This file was extended by csharker config.status 1.0, which was
generated by GNU Autoconf 2.61.  Invocation command line was

  CONFIG_FILES    = 
  CONFIG_HEADERS  = 
  CONFIG_LINKS    = 
  CONFIG_COMMANDS = 
  $ ./config.status src/Makefile depfiles

on linux-xvw4

config.status:636: creating src/Makefile
config.status:901: executing depfiles commands

## ---------------------- ##
## Running config.status. ##
## ---------------------- ##

This file was extended by csharker config.status 1.0, which was
generated by GNU Autoconf 2.61.  Invocation command line was

  CONFIG_FILES    = 
  CONFIG_HEADERS  = 
  CONFIG_LINKS    = 
  CONFIG_COMMANDS = 
  $ ./config.status src/Makefile depfiles

on linux-xvw4

config.status:636: creating src/Makefile
config.status:901: executing depfiles commands
